<?xml version="1.0" encoding="UTF-8"?>
<!-- Generated by org.testng.reporters.JUnitXMLReporter -->
<testsuite ignored="0" hostname="DESKTOP-5TSHMTQ" failures="0" tests="4" name="Default test" time="28.739" errors="0" timestamp="2023-08-20T00:25:18 BDT">
  <testcase classname="dropdown.lmsUIUTestNG" name="test" time="2.955"/>
  <testcase classname="dropdown.lmsUIUTestNG" name="test" time="2.902"/>
  <testcase classname="dropdown.lmsUIUTestNG" name="test" time="2.925"/>
  <testcase classname="dropdown.lmsUIUTestNG" name="test" time="2.874"/>
</testsuite> <!-- Default test -->
