<?xml version="1.0" encoding="UTF-8"?>
<testng-results ignored="0" total="4" passed="4" failed="0" skipped="0">
  <reporter-output>
  </reporter-output>
  <suite started-at="2023-08-20T00:24:50 BDT" name="Default suite" finished-at="2023-08-20T00:25:18 BDT" duration-ms="28739">
    <groups>
    </groups>
    <test started-at="2023-08-20T00:24:50 BDT" name="Default test" finished-at="2023-08-20T00:25:18 BDT" duration-ms="28739">
      <class name="dropdown.lmsUIUTestNG">
        <test-method is-config="true" signature="setup()[pri:0, instance:dropdown.lmsUIUTestNG@1972e513]" started-at="2023-08-20T00:24:50 BDT" name="setup" finished-at="2023-08-20T00:24:55 BDT" duration-ms="5212" status="PASS">
          <reporter-output>
          </reporter-output>
        </test-method> <!-- setup -->
        <test-method signature="test(java.lang.String,java.lang.String)[pri:0, instance:dropdown.lmsUIUTestNG@1972e513]" started-at="2023-08-20T00:24:55 BDT" name="test" data-provider="datas" finished-at="2023-08-20T00:24:58 BDT" duration-ms="2955" status="PASS">
          <params>
            <param index="0">
              <value>
                <![CDATA[446464]]>
              </value>
            </param>
            <param index="1">
              <value>
                <![CDATA[54456]]>
              </value>
            </param>
          </params>
          <reporter-output>
          </reporter-output>
        </test-method> <!-- test -->
        <test-method is-config="true" signature="setup()[pri:0, instance:dropdown.lmsUIUTestNG@1972e513]" started-at="2023-08-20T00:24:58 BDT" name="setup" finished-at="2023-08-20T00:25:01 BDT" duration-ms="3577" status="PASS">
          <reporter-output>
          </reporter-output>
        </test-method> <!-- setup -->
        <test-method signature="test(java.lang.String,java.lang.String)[pri:0, instance:dropdown.lmsUIUTestNG@1972e513]" started-at="2023-08-20T00:25:01 BDT" name="test" data-provider="datas" finished-at="2023-08-20T00:25:04 BDT" duration-ms="2902" status="PASS">
          <params>
            <param index="0">
              <value>
                <![CDATA[011201107]]>
              </value>
            </param>
            <param index="1">
              <value>
                <![CDATA[54456]]>
              </value>
            </param>
          </params>
          <reporter-output>
          </reporter-output>
        </test-method> <!-- test -->
        <test-method is-config="true" signature="setup()[pri:0, instance:dropdown.lmsUIUTestNG@1972e513]" started-at="2023-08-20T00:25:04 BDT" name="setup" finished-at="2023-08-20T00:25:08 BDT" duration-ms="3735" status="PASS">
          <reporter-output>
          </reporter-output>
        </test-method> <!-- setup -->
        <test-method signature="test(java.lang.String,java.lang.String)[pri:0, instance:dropdown.lmsUIUTestNG@1972e513]" started-at="2023-08-20T00:25:08 BDT" name="test" data-provider="datas" finished-at="2023-08-20T00:25:11 BDT" duration-ms="2925" status="PASS">
          <params>
            <param index="0">
              <value>
                <![CDATA[555555]]>
              </value>
            </param>
            <param index="1">
              <value>
                <![CDATA[5456]]>
              </value>
            </param>
          </params>
          <reporter-output>
          </reporter-output>
        </test-method> <!-- test -->
        <test-method is-config="true" signature="setup()[pri:0, instance:dropdown.lmsUIUTestNG@1972e513]" started-at="2023-08-20T00:25:11 BDT" name="setup" finished-at="2023-08-20T00:25:16 BDT" duration-ms="4445" status="PASS">
          <reporter-output>
          </reporter-output>
        </test-method> <!-- setup -->
        <test-method signature="test(java.lang.String,java.lang.String)[pri:0, instance:dropdown.lmsUIUTestNG@1972e513]" started-at="2023-08-20T00:25:16 BDT" name="test" data-provider="datas" finished-at="2023-08-20T00:25:18 BDT" duration-ms="2874" status="PASS">
          <params>
            <param index="0">
              <value>
                <![CDATA[464]]>
              </value>
            </param>
            <param index="1">
              <value>
                <![CDATA[help]]>
              </value>
            </param>
          </params>
          <reporter-output>
          </reporter-output>
        </test-method> <!-- test -->
      </class> <!-- dropdown.lmsUIUTestNG -->
    </test> <!-- Default test -->
  </suite> <!-- Default suite -->
</testng-results>
